[13:21:43]<Incognito>#####################[20-15-07]#######################
[13:21:43]<Incognito>SafePc bez internetu uruchomiony!
[13:21:43]<Incognito>Utworzylem nowy plik konfiguracyjny
[13:21:43]<Incognito>Inna data, resetowanie limitu
[13:21:43]<Incognito>Liczenie limitu bez internetu jest uruchomione
[13:22:50]<Incognito>#####################[20-15-07]#######################
[13:22:50]<Incognito>SafePc bez internetu uruchomiony!
[13:27:58]<Incognito>#####################[20-15-07]#######################
[13:27:58]<Incognito>SafePc bez internetu uruchomiony!
[13:27:58]<Incognito>perror(2): Proba logowania po wykorzystanym limicie
[13:28:01]<Incognito>#####################[20-15-07]#######################
[13:28:01]<Incognito>SafePc bez internetu uruchomiony!
[13:28:01]<Incognito>perror(2): Proba logowania po wykorzystanym limicie
[13:29:33]<Incognito>#####################[20-15-07]#######################
[13:29:33]<Incognito>SafePc bez internetu uruchomiony!
[13:29:33]<Incognito>perror(2): Proba logowania po wykorzystanym limicie
[13:30:16]<Incognito>#####################[20-15-07]#######################
[13:30:16]<Incognito>SafePc bez internetu uruchomiony!
[13:30:29]<Incognito>#####################[20-15-07]#######################
[13:30:29]<Incognito>SafePc bez internetu uruchomiony!
